[DEBUG] 2026-04-22 11:52:40.582 [main] PackageRelationshipCollection - Parsing relationship: /xl/_rels/workbook.xml.rels
[DEBUG] 2026-04-22 11:52:40.588 [main] PackageRelationshipCollection - Parsing relationship: /_rels/.rels
[DEBUG] 2026-04-22 11:52:41.074 [main] POIXMLFactory - using default POIXMLDocumentPart for http://schemas.microsoft.com/office/2017/10/relationships/person
[INFO ] 2026-04-22 11:52:46.959 [main] LoginLogs - Moved to the website
[INFO ] 2026-04-22 11:52:46.990 [main] LoginLogs - Starting invalid login test
[INFO ] 2026-04-22 11:52:47.207 [main] LoginLogs - Clicked on login button
[INFO ] 2026-04-22 11:52:48.037 [main] LoginLogs - Entered username: admin
[INFO ] 2026-04-22 11:52:48.190 [main] LoginLogs - Entered password
[INFO ] 2026-04-22 11:52:48.367 [main] LoginLogs - Clicked login submit
[INFO ] 2026-04-22 11:52:49.450 [main] LoginLogs - Alert displayed: Wrong password.
[INFO ] 2026-04-22 11:52:49.462 [main] LoginLogs - Alert accepted
[INFO ] 2026-04-22 11:52:49.857 [main] LoginLogs - the browser is closed
[INFO ] 2026-04-22 11:52:52.845 [main] LoginLogs - Moved to the website
[INFO ] 2026-04-22 11:52:52.860 [main] LoginLogs - Starting invalid login test
[INFO ] 2026-04-22 11:52:53.124 [main] LoginLogs - Clicked on login button
[INFO ] 2026-04-22 11:52:54.123 [main] LoginLogs - Entered username: haritha
[INFO ] 2026-04-22 11:52:54.289 [main] LoginLogs - Entered password
[INFO ] 2026-04-22 11:52:54.502 [main] LoginLogs - Clicked login submit
[INFO ] 2026-04-22 11:52:55.572 [main] LoginLogs - Alert displayed: Wrong password.
[INFO ] 2026-04-22 11:52:55.586 [main] LoginLogs - Alert accepted
[INFO ] 2026-04-22 11:52:55.930 [main] LoginLogs - the browser is closed
[DEBUG] 2026-04-22 11:52:55.948 [main] PackageRelationshipCollection - Parsing relationship: /xl/_rels/workbook.xml.rels
[DEBUG] 2026-04-22 11:52:55.950 [main] PackageRelationshipCollection - Parsing relationship: /_rels/.rels
[DEBUG] 2026-04-22 11:52:55.974 [main] POIXMLFactory - using default POIXMLDocumentPart for http://schemas.microsoft.com/office/2017/10/relationships/person
[INFO ] 2026-04-22 11:52:58.937 [main] LoginLogs - Moved to the website
[INFO ] 2026-04-22 11:52:58.940 [main] LoginLogs - Starting valid login test
[INFO ] 2026-04-22 11:52:59.257 [main] LoginLogs - Clicked on login button
[INFO ] 2026-04-22 11:52:59.885 [main] LoginLogs - Entered username: admin
[INFO ] 2026-04-22 11:53:00.078 [main] LoginLogs - Entered password
[INFO ] 2026-04-22 11:53:00.216 [main] LoginLogs - Clicked login submit
[INFO ] 2026-04-22 11:53:01.925 [main] LoginLogs - Login successful, message: Welcome admin
[INFO ] 2026-04-22 11:53:01.925 [main] LoginLogs - user is valid 
[INFO ] 2026-04-22 11:53:02.239 [main] LoginLogs - the browser is closed
[DEBUG] 2026-04-22 12:00:17.931 [main] PackageRelationshipCollection - Parsing relationship: /xl/_rels/workbook.xml.rels
[DEBUG] 2026-04-22 12:00:17.938 [main] PackageRelationshipCollection - Parsing relationship: /_rels/.rels
[DEBUG] 2026-04-22 12:00:18.680 [main] POIXMLFactory - using default POIXMLDocumentPart for http://schemas.microsoft.com/office/2017/10/relationships/person
[INFO ] 2026-04-22 12:00:24.405 [main] LoginLogs - Moved to the website
[INFO ] 2026-04-22 12:00:24.462 [main] LoginLogs - Starting invalid login test
[INFO ] 2026-04-22 12:00:24.740 [main] LoginLogs - Clicked on login button
[INFO ] 2026-04-22 12:00:25.746 [main] LoginLogs - Entered username: admin
[INFO ] 2026-04-22 12:00:25.968 [main] LoginLogs - Entered password
[INFO ] 2026-04-22 12:00:26.289 [main] LoginLogs - Clicked login submit
[INFO ] 2026-04-22 12:00:27.367 [main] LoginLogs - Alert displayed: Wrong password.
[INFO ] 2026-04-22 12:00:27.382 [main] LoginLogs - Alert accepted
[INFO ] 2026-04-22 12:00:28.069 [main] LoginLogs - the browser is closed
[INFO ] 2026-04-22 12:00:31.522 [main] LoginLogs - Moved to the website
[INFO ] 2026-04-22 12:00:31.531 [main] LoginLogs - Starting invalid login test
[INFO ] 2026-04-22 12:00:31.845 [main] LoginLogs - Clicked on login button
[INFO ] 2026-04-22 12:00:32.790 [main] LoginLogs - Entered username: haritha
[INFO ] 2026-04-22 12:00:32.914 [main] LoginLogs - Entered password
[INFO ] 2026-04-22 12:00:33.102 [main] LoginLogs - Clicked login submit
[INFO ] 2026-04-22 12:00:34.161 [main] LoginLogs - Alert displayed: Wrong password.
[INFO ] 2026-04-22 12:00:34.171 [main] LoginLogs - Alert accepted
[INFO ] 2026-04-22 12:00:34.635 [main] LoginLogs - the browser is closed
[DEBUG] 2026-04-22 12:00:34.655 [main] PackageRelationshipCollection - Parsing relationship: /xl/_rels/workbook.xml.rels
[DEBUG] 2026-04-22 12:00:34.659 [main] PackageRelationshipCollection - Parsing relationship: /_rels/.rels
[DEBUG] 2026-04-22 12:00:34.690 [main] POIXMLFactory - using default POIXMLDocumentPart for http://schemas.microsoft.com/office/2017/10/relationships/person
[INFO ] 2026-04-22 12:00:38.463 [main] LoginLogs - Moved to the website
[INFO ] 2026-04-22 12:00:38.473 [main] LoginLogs - Starting valid login test
[INFO ] 2026-04-22 12:00:38.805 [main] LoginLogs - Clicked on login button
[INFO ] 2026-04-22 12:00:39.710 [main] LoginLogs - Entered username: admin
[INFO ] 2026-04-22 12:00:39.849 [main] LoginLogs - Entered password
[INFO ] 2026-04-22 12:00:40.015 [main] LoginLogs - Clicked login submit
[INFO ] 2026-04-22 12:00:41.803 [main] LoginLogs - Login successful, message: Welcome admin
[INFO ] 2026-04-22 12:00:41.804 [main] LoginLogs - user is valid 
[INFO ] 2026-04-22 12:00:42.295 [main] LoginLogs - the browser is closed
[DEBUG] 2026-04-22 12:04:14.723 [main] PackageRelationshipCollection - Parsing relationship: /xl/_rels/workbook.xml.rels
[DEBUG] 2026-04-22 12:04:14.729 [main] PackageRelationshipCollection - Parsing relationship: /_rels/.rels
[DEBUG] 2026-04-22 12:04:15.220 [main] POIXMLFactory - using default POIXMLDocumentPart for http://schemas.microsoft.com/office/2017/10/relationships/person
[INFO ] 2026-04-22 12:04:19.876 [main] LoginLogs - Moved to the website
[INFO ] 2026-04-22 12:04:19.940 [main] LoginLogs - Starting invalid login test
[INFO ] 2026-04-22 12:04:20.340 [main] LoginLogs - Clicked on login button
[INFO ] 2026-04-22 12:04:21.030 [main] LoginLogs - Entered username: admin
[INFO ] 2026-04-22 12:04:21.191 [main] LoginLogs - Entered password
[INFO ] 2026-04-22 12:04:21.406 [main] LoginLogs - Clicked login submit
[INFO ] 2026-04-22 12:04:22.522 [main] LoginLogs - Alert displayed: Wrong password.
[INFO ] 2026-04-22 12:04:22.542 [main] LoginLogs - Alert accepted
[INFO ] 2026-04-22 12:04:23.327 [main] LoginLogs - the browser is closed
[INFO ] 2026-04-22 12:04:26.068 [main] LoginLogs - Moved to the website
[INFO ] 2026-04-22 12:04:26.074 [main] LoginLogs - Starting invalid login test
[INFO ] 2026-04-22 12:04:26.468 [main] LoginLogs - Clicked on login button
[INFO ] 2026-04-22 12:04:27.246 [main] LoginLogs - Entered username: haritha
[INFO ] 2026-04-22 12:04:27.398 [main] LoginLogs - Entered password
[INFO ] 2026-04-22 12:04:27.561 [main] LoginLogs - Clicked login submit
[INFO ] 2026-04-22 12:04:28.610 [main] LoginLogs - Alert displayed: Wrong password.
[INFO ] 2026-04-22 12:04:28.618 [main] LoginLogs - Alert accepted
[INFO ] 2026-04-22 12:04:29.063 [main] LoginLogs - the browser is closed
[DEBUG] 2026-04-22 12:04:29.085 [main] PackageRelationshipCollection - Parsing relationship: /xl/_rels/workbook.xml.rels
[DEBUG] 2026-04-22 12:04:29.090 [main] PackageRelationshipCollection - Parsing relationship: /_rels/.rels
[DEBUG] 2026-04-22 12:04:29.123 [main] POIXMLFactory - using default POIXMLDocumentPart for http://schemas.microsoft.com/office/2017/10/relationships/person
[INFO ] 2026-04-22 12:04:31.956 [main] LoginLogs - Moved to the website
[INFO ] 2026-04-22 12:04:31.974 [main] LoginLogs - Starting valid login test
[INFO ] 2026-04-22 12:04:32.490 [main] LoginLogs - Clicked on login button
[INFO ] 2026-04-22 12:04:33.395 [main] LoginLogs - Entered username: admin
[INFO ] 2026-04-22 12:04:33.528 [main] LoginLogs - Entered password
[INFO ] 2026-04-22 12:04:33.717 [main] LoginLogs - Clicked login submit
[INFO ] 2026-04-22 12:04:36.232 [main] LoginLogs - Login successful, message: Welcome admin
[INFO ] 2026-04-22 12:04:36.233 [main] LoginLogs - user is valid 
[INFO ] 2026-04-22 12:04:36.728 [main] LoginLogs - the browser is closed
[DEBUG] 2026-04-22 12:12:55 [main] PackageRelationshipCollection - Parsing relationship: /xl/_rels/workbook.xml.rels
[DEBUG] 2026-04-22 12:12:55 [main] PackageRelationshipCollection - Parsing relationship: /_rels/.rels
[DEBUG] 2026-04-22 12:12:56 [main] POIXMLFactory - using default POIXMLDocumentPart for http://schemas.microsoft.com/office/2017/10/relationships/person
[INFO ] 2026-04-22 12:13:00 [main] LoginLogs - Moved to the website
[INFO ] 2026-04-22 12:13:00 [main] LoginLogs - Starting invalid login test
[INFO ] 2026-04-22 12:13:00 [main] LoginLogs - Clicked on login button
[INFO ] 2026-04-22 12:13:01 [main] LoginLogs - Entered username: admin
[INFO ] 2026-04-22 12:13:01 [main] LoginLogs - Entered password
[INFO ] 2026-04-22 12:13:02 [main] LoginLogs - Clicked login submit
[INFO ] 2026-04-22 12:13:03 [main] LoginLogs - Alert displayed: Wrong password.
[INFO ] 2026-04-22 12:13:03 [main] LoginLogs - Alert accepted
[INFO ] 2026-04-22 12:13:03 [main] LoginLogs - the browser is closed
[INFO ] 2026-04-22 12:13:06 [main] LoginLogs - Moved to the website
[INFO ] 2026-04-22 12:13:06 [main] LoginLogs - Starting invalid login test
[INFO ] 2026-04-22 12:13:06 [main] LoginLogs - Clicked on login button
[INFO ] 2026-04-22 12:13:07 [main] LoginLogs - Entered username: haritha
[INFO ] 2026-04-22 12:13:07 [main] LoginLogs - Entered password
[INFO ] 2026-04-22 12:13:07 [main] LoginLogs - Clicked login submit
[INFO ] 2026-04-22 12:13:08 [main] LoginLogs - Alert displayed: Wrong password.
[INFO ] 2026-04-22 12:13:08 [main] LoginLogs - Alert accepted
[INFO ] 2026-04-22 12:13:09 [main] LoginLogs - the browser is closed
[DEBUG] 2026-04-22 12:13:09 [main] PackageRelationshipCollection - Parsing relationship: /xl/_rels/workbook.xml.rels
[DEBUG] 2026-04-22 12:13:09 [main] PackageRelationshipCollection - Parsing relationship: /_rels/.rels
[DEBUG] 2026-04-22 12:13:09 [main] POIXMLFactory - using default POIXMLDocumentPart for http://schemas.microsoft.com/office/2017/10/relationships/person
[INFO ] 2026-04-22 12:13:12 [main] LoginLogs - Moved to the website
[INFO ] 2026-04-22 12:13:12 [main] LoginLogs - Starting valid login test
[INFO ] 2026-04-22 12:13:13 [main] LoginLogs - Clicked on login button
[INFO ] 2026-04-22 12:13:13 [main] LoginLogs - Entered username: admin
[INFO ] 2026-04-22 12:13:13 [main] LoginLogs - Entered password
[INFO ] 2026-04-22 12:13:14 [main] LoginLogs - Clicked login submit
[INFO ] 2026-04-22 12:13:15 [main] LoginLogs - Login successful, message: Welcome admin
[INFO ] 2026-04-22 12:13:15 [main] LoginLogs - user is valid 
[INFO ] 2026-04-22 12:13:16 [main] LoginLogs - the browser is closed
[INFO ] 2026-04-22 12:17:55 [main] LoginLogs - Moved to the website
[INFO ] 2026-04-22 12:17:55 [main] LoginLogs - Starting invalid login test
[INFO ] 2026-04-22 12:17:55 [main] LoginLogs - Clicked on login button
[INFO ] 2026-04-22 12:17:56 [main] LoginLogs - Entered username: admin
[INFO ] 2026-04-22 12:17:56 [main] LoginLogs - Entered password
[INFO ] 2026-04-22 12:17:56 [main] LoginLogs - Clicked login submit
[INFO ] 2026-04-22 12:17:57 [main] LoginLogs - Alert displayed: Wrong password.
[INFO ] 2026-04-22 12:17:57 [main] LoginLogs - Alert accepted
[INFO ] 2026-04-22 12:17:58 [main] LoginLogs - the browser is closed
[INFO ] 2026-04-22 12:18:01 [main] LoginLogs - Moved to the website
[INFO ] 2026-04-22 12:18:01 [main] LoginLogs - Starting invalid login test
[INFO ] 2026-04-22 12:18:01 [main] LoginLogs - Clicked on login button
[INFO ] 2026-04-22 12:18:02 [main] LoginLogs - Entered username: haritha
[INFO ] 2026-04-22 12:18:02 [main] LoginLogs - Entered password
[INFO ] 2026-04-22 12:18:02 [main] LoginLogs - Clicked login submit
[INFO ] 2026-04-22 12:18:03 [main] LoginLogs - Alert displayed: Wrong password.
[INFO ] 2026-04-22 12:18:03 [main] LoginLogs - Alert accepted
[INFO ] 2026-04-22 12:18:04 [main] LoginLogs - the browser is closed
[INFO ] 2026-04-22 12:18:06 [main] LoginLogs - Moved to the website
[INFO ] 2026-04-22 12:18:06 [main] LoginLogs - Starting valid login test
[INFO ] 2026-04-22 12:18:07 [main] LoginLogs - Clicked on login button
[INFO ] 2026-04-22 12:18:07 [main] LoginLogs - Entered username: admin
[INFO ] 2026-04-22 12:18:08 [main] LoginLogs - Entered password
[INFO ] 2026-04-22 12:18:08 [main] LoginLogs - Clicked login submit
[INFO ] 2026-04-22 12:18:10 [main] LoginLogs - Login successful, message: Welcome admin
[INFO ] 2026-04-22 12:18:10 [main] LoginLogs - user is valid 
[INFO ] 2026-04-22 12:18:10 [main] LoginLogs - the browser is closed
[INFO ] 2026-04-22 12:21:25 [main] LoginLogs - Moved to the website
[INFO ] 2026-04-22 12:21:25 [main] LoginLogs - Starting invalid login test
[INFO ] 2026-04-22 12:21:25 [main] LoginLogs - Clicked on login button
[INFO ] 2026-04-22 12:21:26 [main] LoginLogs - Entered username: admin
[INFO ] 2026-04-22 12:21:26 [main] LoginLogs - Entered password
[INFO ] 2026-04-22 12:21:26 [main] LoginLogs - Clicked login submit
[INFO ] 2026-04-22 12:21:27 [main] LoginLogs - Alert displayed: Wrong password.
[INFO ] 2026-04-22 12:21:27 [main] LoginLogs - Alert accepted
[INFO ] 2026-04-22 12:21:28 [main] LoginLogs - the browser is closed
[INFO ] 2026-04-22 12:21:31 [main] LoginLogs - Moved to the website
[INFO ] 2026-04-22 12:21:31 [main] LoginLogs - Starting invalid login test
[INFO ] 2026-04-22 12:21:31 [main] LoginLogs - Clicked on login button
[INFO ] 2026-04-22 12:21:32 [main] LoginLogs - Entered username: haritha
[INFO ] 2026-04-22 12:21:32 [main] LoginLogs - Entered password
[INFO ] 2026-04-22 12:21:32 [main] LoginLogs - Clicked login submit
[INFO ] 2026-04-22 12:21:33 [main] LoginLogs - Alert displayed: Wrong password.
[INFO ] 2026-04-22 12:21:33 [main] LoginLogs - Alert accepted
[INFO ] 2026-04-22 12:21:33 [main] LoginLogs - the browser is closed
[INFO ] 2026-04-22 12:21:36 [main] LoginLogs - Moved to the website
[INFO ] 2026-04-22 12:21:36 [main] LoginLogs - Starting valid login test
[INFO ] 2026-04-22 12:21:37 [main] LoginLogs - Clicked on login button
[INFO ] 2026-04-22 12:21:38 [main] LoginLogs - Entered username: admin
[INFO ] 2026-04-22 12:21:38 [main] LoginLogs - Entered password
[INFO ] 2026-04-22 12:21:38 [main] LoginLogs - Clicked login submit
[INFO ] 2026-04-22 12:21:40 [main] LoginLogs - Login successful, message: Welcome admin
[INFO ] 2026-04-22 12:21:40 [main] LoginLogs - user is valid 
[INFO ] 2026-04-22 12:21:40 [main] LoginLogs - the browser is closed
[DEBUG] 2026-04-22 12:22:18 [main] PackageRelationshipCollection - Parsing relationship: /xl/_rels/workbook.xml.rels
[DEBUG] 2026-04-22 12:22:18 [main] PackageRelationshipCollection - Parsing relationship: /_rels/.rels
[DEBUG] 2026-04-22 12:22:19 [main] POIXMLFactory - using default POIXMLDocumentPart for http://schemas.microsoft.com/office/2017/10/relationships/person
[INFO ] 2026-04-22 12:22:23 [main] LoginLogs - Moved to the website
[INFO ] 2026-04-22 12:22:24 [main] LoginLogs - Starting invalid login test
[INFO ] 2026-04-22 12:22:24 [main] LoginLogs - Clicked on login button
[INFO ] 2026-04-22 12:22:25 [main] LoginLogs - Entered username: admin
[INFO ] 2026-04-22 12:22:25 [main] LoginLogs - Entered password
[INFO ] 2026-04-22 12:22:25 [main] LoginLogs - Clicked login submit
[INFO ] 2026-04-22 12:22:28 [main] LoginLogs - Alert displayed: Wrong password.
[INFO ] 2026-04-22 12:22:28 [main] LoginLogs - Alert accepted
[INFO ] 2026-04-22 12:22:29 [main] LoginLogs - the browser is closed
[INFO ] 2026-04-22 12:22:32 [main] LoginLogs - Moved to the website
[INFO ] 2026-04-22 12:22:32 [main] LoginLogs - Starting invalid login test
[INFO ] 2026-04-22 12:22:32 [main] LoginLogs - Clicked on login button
[INFO ] 2026-04-22 12:22:33 [main] LoginLogs - Entered username: haritha
[INFO ] 2026-04-22 12:22:33 [main] LoginLogs - Entered password
[INFO ] 2026-04-22 12:22:33 [main] LoginLogs - Clicked login submit
[INFO ] 2026-04-22 12:22:34 [main] LoginLogs - Alert displayed: Wrong password.
[INFO ] 2026-04-22 12:22:34 [main] LoginLogs - Alert accepted
[INFO ] 2026-04-22 12:22:34 [main] LoginLogs - the browser is closed
[DEBUG] 2026-04-22 12:22:34 [main] PackageRelationshipCollection - Parsing relationship: /xl/_rels/workbook.xml.rels
[DEBUG] 2026-04-22 12:22:34 [main] PackageRelationshipCollection - Parsing relationship: /_rels/.rels
[DEBUG] 2026-04-22 12:22:34 [main] POIXMLFactory - using default POIXMLDocumentPart for http://schemas.microsoft.com/office/2017/10/relationships/person
[INFO ] 2026-04-22 12:22:37 [main] LoginLogs - Moved to the website
[INFO ] 2026-04-22 12:22:37 [main] LoginLogs - Starting valid login test
[INFO ] 2026-04-22 12:22:37 [main] LoginLogs - Clicked on login button
[INFO ] 2026-04-22 12:22:38 [main] LoginLogs - Entered username: admin
[INFO ] 2026-04-22 12:22:38 [main] LoginLogs - Entered password
[INFO ] 2026-04-22 12:22:38 [main] LoginLogs - Clicked login submit
[INFO ] 2026-04-22 12:22:40 [main] LoginLogs - Login successful, message: Welcome admin
[INFO ] 2026-04-22 12:22:40 [main] LoginLogs - user is valid 
[INFO ] 2026-04-22 12:22:40 [main] LoginLogs - the browser is closed
[DEBUG] 2026-04-22 12:41:10 [main] PackageRelationshipCollection - Parsing relationship: /xl/_rels/workbook.xml.rels
[DEBUG] 2026-04-22 12:41:10 [main] PackageRelationshipCollection - Parsing relationship: /_rels/.rels
[DEBUG] 2026-04-22 12:41:12 [main] POIXMLFactory - using default POIXMLDocumentPart for http://schemas.microsoft.com/office/2017/10/relationships/person
[INFO ] 2026-04-22 12:41:19 [main] LoginLogs - Moved to the website
[INFO ] 2026-04-22 12:41:19 [main] LoginLogs - Starting invalid login test
[INFO ] 2026-04-22 12:41:19 [main] LoginLogs - Clicked on login button
[INFO ] 2026-04-22 12:41:20 [main] LoginLogs - Entered username: admin
[INFO ] 2026-04-22 12:41:20 [main] LoginLogs - Entered password
[INFO ] 2026-04-22 12:41:20 [main] LoginLogs - Clicked login submit
[INFO ] 2026-04-22 12:41:21 [main] LoginLogs - Alert displayed: Wrong password.
[INFO ] 2026-04-22 12:41:21 [main] LoginLogs - Alert accepted
[INFO ] 2026-04-22 12:41:21 [main] LoginLogs - the browser is closed
[INFO ] 2026-04-22 12:41:24 [main] LoginLogs - Moved to the website
[INFO ] 2026-04-22 12:41:24 [main] LoginLogs - Starting invalid login test
[INFO ] 2026-04-22 12:41:24 [main] LoginLogs - Clicked on login button
[INFO ] 2026-04-22 12:41:25 [main] LoginLogs - Entered username: haritha
[INFO ] 2026-04-22 12:41:25 [main] LoginLogs - Entered password
[INFO ] 2026-04-22 12:41:26 [main] LoginLogs - Clicked login submit
[INFO ] 2026-04-22 12:41:27 [main] LoginLogs - Alert displayed: Wrong password.
[INFO ] 2026-04-22 12:41:27 [main] LoginLogs - Alert accepted
[INFO ] 2026-04-22 12:41:27 [main] LoginLogs - the browser is closed
[DEBUG] 2026-04-22 12:41:27 [main] PackageRelationshipCollection - Parsing relationship: /xl/_rels/workbook.xml.rels
[DEBUG] 2026-04-22 12:41:27 [main] PackageRelationshipCollection - Parsing relationship: /_rels/.rels
[DEBUG] 2026-04-22 12:41:27 [main] POIXMLFactory - using default POIXMLDocumentPart for http://schemas.microsoft.com/office/2017/10/relationships/person
[INFO ] 2026-04-22 12:41:30 [main] LoginLogs - Moved to the website
[INFO ] 2026-04-22 12:41:30 [main] LoginLogs - Starting valid login test
[INFO ] 2026-04-22 12:41:30 [main] LoginLogs - Clicked on login button
[INFO ] 2026-04-22 12:41:31 [main] LoginLogs - Entered username: admin
[INFO ] 2026-04-22 12:41:31 [main] LoginLogs - Entered password
[INFO ] 2026-04-22 12:41:31 [main] LoginLogs - Clicked login submit
[INFO ] 2026-04-22 12:41:34 [main] LoginLogs - Login successful, message: Welcome admin
[INFO ] 2026-04-22 12:41:34 [main] LoginLogs - user is valid 
[INFO ] 2026-04-22 12:41:34 [main] LoginLogs - the browser is closed
[DEBUG] 2026-04-22 12:55:08 [main] PackageRelationshipCollection - Parsing relationship: /xl/_rels/workbook.xml.rels
[DEBUG] 2026-04-22 12:55:08 [main] PackageRelationshipCollection - Parsing relationship: /_rels/.rels
[DEBUG] 2026-04-22 12:55:09 [main] POIXMLFactory - using default POIXMLDocumentPart for http://schemas.microsoft.com/office/2017/10/relationships/person
[INFO ] 2026-04-22 12:55:16 [main] LoginLogs - Moved to the website
[INFO ] 2026-04-22 12:55:16 [main] LoginLogs - Starting invalid login test
[INFO ] 2026-04-22 12:55:16 [main] LoginLogs - Clicked on login button
[INFO ] 2026-04-22 12:55:17 [main] LoginLogs - Entered username: admin
[INFO ] 2026-04-22 12:55:17 [main] LoginLogs - Entered password
[INFO ] 2026-04-22 12:55:17 [main] LoginLogs - Clicked login submit
[INFO ] 2026-04-22 12:55:18 [main] LoginLogs - Alert displayed: Wrong password.
[INFO ] 2026-04-22 12:55:18 [main] LoginLogs - Alert accepted
[INFO ] 2026-04-22 12:55:19 [main] LoginLogs - the browser is closed
[INFO ] 2026-04-22 12:55:21 [main] LoginLogs - Moved to the website
[INFO ] 2026-04-22 12:55:21 [main] LoginLogs - Starting invalid login test
[INFO ] 2026-04-22 12:55:21 [main] LoginLogs - Clicked on login button
[INFO ] 2026-04-22 12:55:22 [main] LoginLogs - Entered username: haritha
[INFO ] 2026-04-22 12:55:22 [main] LoginLogs - Entered password
[INFO ] 2026-04-22 12:55:22 [main] LoginLogs - Clicked login submit
[INFO ] 2026-04-22 12:55:23 [main] LoginLogs - Alert displayed: Wrong password.
[INFO ] 2026-04-22 12:55:23 [main] LoginLogs - Alert accepted
[INFO ] 2026-04-22 12:55:24 [main] LoginLogs - the browser is closed
[DEBUG] 2026-04-22 12:55:24 [main] PackageRelationshipCollection - Parsing relationship: /xl/_rels/workbook.xml.rels
[DEBUG] 2026-04-22 12:55:24 [main] PackageRelationshipCollection - Parsing relationship: /_rels/.rels
[DEBUG] 2026-04-22 12:55:24 [main] POIXMLFactory - using default POIXMLDocumentPart for http://schemas.microsoft.com/office/2017/10/relationships/person
[INFO ] 2026-04-22 12:55:26 [main] LoginLogs - Moved to the website
[INFO ] 2026-04-22 12:55:26 [main] LoginLogs - Starting valid login test
[INFO ] 2026-04-22 12:55:26 [main] LoginLogs - Clicked on login button
[INFO ] 2026-04-22 12:55:27 [main] LoginLogs - Entered username: admin
[INFO ] 2026-04-22 12:55:27 [main] LoginLogs - Entered password
[INFO ] 2026-04-22 12:55:27 [main] LoginLogs - Clicked login submit
[INFO ] 2026-04-22 12:55:29 [main] LoginLogs - Login successful, message: Welcome admin
[INFO ] 2026-04-22 12:55:29 [main] LoginLogs - user is valid 
[INFO ] 2026-04-22 12:55:29 [main] LoginLogs - the browser is closed
[DEBUG] 2026-04-22 14:09:22 [main] PackageRelationshipCollection - Parsing relationship: /xl/_rels/workbook.xml.rels
[DEBUG] 2026-04-22 14:09:22 [main] PackageRelationshipCollection - Parsing relationship: /_rels/.rels
[DEBUG] 2026-04-22 14:09:23 [main] POIXMLFactory - using default POIXMLDocumentPart for http://schemas.microsoft.com/office/2017/10/relationships/person
[DEBUG] 2026-04-22 14:09:30 [main] PackageRelationshipCollection - Parsing relationship: /xl/_rels/workbook.xml.rels
[DEBUG] 2026-04-22 14:09:30 [main] PackageRelationshipCollection - Parsing relationship: /_rels/.rels
[DEBUG] 2026-04-22 14:09:30 [main] POIXMLFactory - using default POIXMLDocumentPart for http://schemas.microsoft.com/office/2017/10/relationships/person
